<?xml version="1.0" encoding="UTF-8"?>
<!-- Generated by org.testng.reporters.JUnitXMLReporter -->
<testsuite ignored="0" hostname="shibinashibin" failures="3" tests="6" name="Test" time="156.12" errors="0" timestamp="2024-01-15T15:33:31 GMT">
  <testcase classname="projecttest.itemtest" name="additem" time="5.161">
    <failure type="java.lang.AssertionError" message="expected [amina] but found [No record found.]">
      <![CDATA[java.lang.AssertionError: expected [amina] but found [No record found.]
at projecttest.itemtest.additem(itemtest.java:20)
at java.base/java.util.ArrayList.forEach(ArrayList.java:1541)
... Removed 33 stack frames]]>
    </failure>
  </testcase> <!-- additem -->
  <testcase classname="projecttest.itemtest" name="searchitem" time="104.266">
    <failure type="org.openqa.selenium.TimeoutException" message="Expected condition failed: waiting for visibility of all [[[ChromeDriver: chrome on windows (e270a5abc52ca9484e7db61fa13a59bf)] -&amp;gt; xpath: //table[@id=&amp;apos;item-table&amp;apos;]//tbody//tr//td[1]], [[ChromeDriver: chrome on windows (e270a5abc52ca9484e7db61fa13a59bf)] -&amp;gt; xpath: //table[@id=&amp;apos;item-table&amp;apos;]//tbody//tr//td[1]], [[ChromeDriver: chrome on windows (e270a5abc52ca9484e7db61fa13a59bf)] -&amp;gt; xpath: //table[@id=&amp;apos;item-table&amp;apos;]//tbody//tr//td[1]], [[ChromeDriver: chrome on windows (e270a5abc52ca9484e7db61fa13a59bf)] -&amp;gt; xpath: //table[@id=&amp;apos;item-table&amp;apos;]//tbody//tr//td[1]], [[ChromeDriver: chrome on windows (e270a5abc52ca9484e7db61fa13a59bf)] -&amp;gt; xpath: //table[@id=&amp;apos;item-table&amp;apos;]//tbody//tr//td[1]], [[ChromeDriver: chrome on windows (e270a5abc52ca9484e7db61fa13a59bf)] -&amp;gt; xpath: //table[@id=&amp;apos;item-table&amp;apos;]//tbody//tr//td[1]], [[ChromeDriver: chrome on windows (e270a5abc52ca9484e7db61fa13a59bf)] -&amp;gt; xpath: //table[@id=&amp;apos;item-table&amp;apos;]//tbody//tr//td[1]], [[ChromeDriver: chrome on windows (e270a5abc52ca9484e7db61fa13a59bf)] -&amp;gt; xpath: //table[@id=&amp;apos;item-table&amp;apos;]//tbody//tr//td[1]], [[ChromeDriver: chrome on windows (e270a5abc52ca9484e7db61fa13a59bf)] -&amp;gt; xpath: //table[@id=&amp;apos;item-table&amp;apos;]//tbody//tr//td[1]]] (tried for 100 second(s) with 500 milliseconds interval)
Build info: version: &amp;apos;4.13.0&amp;apos;, revision: &amp;apos;ba948ece5b*&amp;apos;
System info: os.name: &amp;apos;Windows 11&amp;apos;, os.arch: &amp;apos;amd64&amp;apos;, os.version: &amp;apos;10.0&amp;apos;, java.version: &amp;apos;11.0.19&amp;apos;
Driver info: org.openqa.selenium.chrome.ChromeDriver
Capabilities {acceptInsecureCerts: false, browserName: chrome, browserVersion: 120.0.6099.217, chrome: {chromedriverVersion: 120.0.6099.109 (3419140ab66..., userDataDir: C:\Users\shibi\AppData\Loca...}, fedcm:accounts: true, goog:chromeOptions: {debuggerAddress: localhost:56253}, networkConnectionEnabled: false, pageLoadStrategy: normal, platformName: windows, proxy: Proxy(), se:cdp: ws://localhost:56253/devtoo..., se:cdpVersion: 120.0.6099.217, setWindowRect: true, strictFileInteractability: false, timeouts: {implicit: 0, pageLoad: 300000, script: 30000}, unhandledPromptBehavior: dismiss and notify, webauthn:extension:credBlob: true, webauthn:extension:largeBlob: true, webauthn:extension:minPinLength: true, webauthn:extension:prf: true, webauthn:virtualAuthenticators: true}
Session ID: e270a5abc52ca9484e7db61fa13a59bf">
      <![CDATA[org.openqa.selenium.TimeoutException: Expected condition failed: waiting for visibility of all [[[ChromeDriver: chrome on windows (e270a5abc52ca9484e7db61fa13a59bf)] -> xpath: //table[@id='item-table']//tbody//tr//td[1]], [[ChromeDriver: chrome on windows (e270a5abc52ca9484e7db61fa13a59bf)] -> xpath: //table[@id='item-table']//tbody//tr//td[1]], [[ChromeDriver: chrome on windows (e270a5abc52ca9484e7db61fa13a59bf)] -> xpath: //table[@id='item-table']//tbody//tr//td[1]], [[ChromeDriver: chrome on windows (e270a5abc52ca9484e7db61fa13a59bf)] -> xpath: //table[@id='item-table']//tbody//tr//td[1]], [[ChromeDriver: chrome on windows (e270a5abc52ca9484e7db61fa13a59bf)] -> xpath: //table[@id='item-table']//tbody//tr//td[1]], [[ChromeDriver: chrome on windows (e270a5abc52ca9484e7db61fa13a59bf)] -> xpath: //table[@id='item-table']//tbody//tr//td[1]], [[ChromeDriver: chrome on windows (e270a5abc52ca9484e7db61fa13a59bf)] -> xpath: //table[@id='item-table']//tbody//tr//td[1]], [[ChromeDriver: chrome on windows (e270a5abc52ca9484e7db61fa13a59bf)] -> xpath: //table[@id='item-table']//tbody//tr//td[1]], [[ChromeDriver: chrome on windows (e270a5abc52ca9484e7db61fa13a59bf)] -> xpath: //table[@id='item-table']//tbody//tr//td[1]]] (tried for 100 second(s) with 500 milliseconds interval)
Build info: version: '4.13.0', revision: 'ba948ece5b*'
System info: os.name: 'Windows 11', os.arch: 'amd64', os.version: '10.0', java.version: '11.0.19'
Driver info: org.openqa.selenium.chrome.ChromeDriver
Capabilities {acceptInsecureCerts: false, browserName: chrome, browserVersion: 120.0.6099.217, chrome: {chromedriverVersion: 120.0.6099.109 (3419140ab66..., userDataDir: C:\Users\shibi\AppData\Loca...}, fedcm:accounts: true, goog:chromeOptions: {debuggerAddress: localhost:56253}, networkConnectionEnabled: false, pageLoadStrategy: normal, platformName: windows, proxy: Proxy(), se:cdp: ws://localhost:56253/devtoo..., se:cdpVersion: 120.0.6099.217, setWindowRect: true, strictFileInteractability: false, timeouts: {implicit: 0, pageLoad: 300000, script: 30000}, unhandledPromptBehavior: dismiss and notify, webauthn:extension:credBlob: true, webauthn:extension:largeBlob: true, webauthn:extension:minPinLength: true, webauthn:extension:prf: true, webauthn:virtualAuthenticators: true}
Session ID: e270a5abc52ca9484e7db61fa13a59bf
at org.openqa.selenium.support.ui.WebDriverWait.timeoutException(WebDriverWait.java:84)
at org.openqa.selenium.support.ui.FluentWait.until(FluentWait.java:230)
at utility.WaitUtility.WaitVisibility(WaitUtility.java:42)
at projectpages1.itemspage.searchItem(itemspage.java:117)
at projecttest.itemtest.searchitem(itemtest.java:28)
at java.base/java.util.ArrayList.forEach(ArrayList.java:1541)
... Removed 27 stack frames]]>
    </failure>
  </testcase> <!-- searchitem -->
  <testcase classname="projecttest.itemtest" name="UpdateItem" time="5.414">
    <skipped/>
  </testcase> <!-- UpdateItem -->
  <testcase classname="projecttest.itemtest" name="UpdateItem" time="4.224">
    <skipped/>
  </testcase> <!-- UpdateItem -->
  <testcase classname="projecttest.itemtest" name="UpdateItem" time="4.185">
    <failure type="java.lang.AssertionError" message="expected [shibinshibina] but found [No record found.]">
      <![CDATA[java.lang.AssertionError: expected [shibinshibina] but found [No record found.]
at projecttest.itemtest.UpdateItem(itemtest.java:40)
at java.base/java.util.ArrayList.forEach(ArrayList.java:1541)
... Removed 33 stack frames]]>
    </failure>
  </testcase> <!-- UpdateItem -->
  <testcase classname="projecttest.itemtest" name="DeleteItem" time="6.247"/>
</testsuite> <!-- Test -->
