<?xml version="1.0" encoding="UTF-8"?>
<!-- Generated by org.testng.reporters.JUnitReportReporter -->
<testsuite hostname="shibinashibin" failures="0" tests="1" name="projecttest.estimatetest" time="111.468" errors="1" timestamp="2024-01-25T15:03:14 GMT" skipped="0">
  <testcase classname="projecttest.estimatetest" name="estimateSearc" time="111.468">
    <error message="Expected condition failed: waiting for visibility of all [[[ChromeDriver: chrome on windows (d04fe3eea571332cf15416160de79503)] -&gt; xpath: //table[@id=&#039;monthly-estimate-table&#039;]//tbody//tr//td[2]//a[contains(text(),&#039;Sabina&#039;)]], [[ChromeDriver: chrome on windows (d04fe3eea571332cf15416160de79503)] -&gt; xpath: //table[@id=&#039;monthly-estimate-table&#039;]//tbody//tr//td[2]//a[contains(text(),&#039;Sabina&#039;)]], [[ChromeDriver: chrome on windows (d04fe3eea571332cf15416160de79503)] -&gt; xpath: //table[@id=&#039;monthly-estimate-table&#039;]//tbody//tr//td[2]//a[contains(text(),&#039;Sabina&#039;)]], [[ChromeDriver: chrome on windows (d04fe3eea571332cf15416160de79503)] -&gt; xpath: //table[@id=&#039;monthly-estimate-table&#039;]//tbody//tr//td[2]//a[contains(text(),&#039;Sabina&#039;)]], [[ChromeDriver: chrome on windows (d04fe3eea571332cf15416160de79503)] -&gt; xpath: //table[@id=&#039;monthly-estimate-table&#039;]//tbody//tr//td[2]//a[contains(text(),&#039;Sabina&#039;)]], [[ChromeDriver: chrome on windows (d04fe3eea571332cf15416160de79503)] -&gt; xpath: //table[@id=&#039;monthly-estimate-table&#039;]//tbody//tr//td[2]//a[contains(text(),&#039;Sabina&#039;)]], [[ChromeDriver: chrome on windows (d04fe3eea571332cf15416160de79503)] -&gt; xpath: //table[@id=&#039;monthly-estimate-table&#039;]//tbody//tr//td[2]//a[contains(text(),&#039;Sabina&#039;)]], [[ChromeDriver: chrome on windows (d04fe3eea571332cf15416160de79503)] -&gt; xpath: //table[@id=&#039;monthly-estimate-table&#039;]//tbody//tr//td[2]//a[contains(text(),&#039;Sabina&#039;)]], [[ChromeDriver: chrome on windows (d04fe3eea571332cf15416160de79503)] -&gt; xpath: //table[@id=&#039;monthly-estimate-table&#039;]//tbody//tr//td[2]//a[contains(text(),&#039;Sabina&#039;)]], [[ChromeDriver: chrome on windows (d04fe3eea571332cf15416160de79503)] -&gt; xpath: //table[@id=&#039;monthly-estimate-table&#039;]//tbody//tr//td[2]//a[contains(text(),&#039;Sabina&#039;)]]] (tried for 100 second(s) with 500 milliseconds interval)
Build info: version: &#039;4.13.0&#039;, revision: &#039;ba948ece5b*&#039;
System info: os.name: &#039;Windows 11&#039;, os.arch: &#039;amd64&#039;, os.version: &#039;10.0&#039;, java.version: &#039;11.0.19&#039;
Driver info: org.openqa.selenium.chrome.ChromeDriver
Capabilities {acceptInsecureCerts: false, browserName: chrome, browserVersion: 120.0.6099.227, chrome: {chromedriverVersion: 120.0.6099.109 (3419140ab66..., userDataDir: C:\Users\shibi\AppData\Loca...}, fedcm:accounts: true, goog:chromeOptions: {debuggerAddress: localhost:56443}, networkConnectionEnabled: false, pageLoadStrategy: normal, platformName: windows, proxy: Proxy(), se:cdp: ws://localhost:56443/devtoo..., se:cdpVersion: 120.0.6099.227, setWindowRect: true, strictFileInteractability: false, timeouts: {implicit: 0, pageLoad: 300000, script: 30000}, unhandledPromptBehavior: dismiss and notify, webauthn:extension:credBlob: true, webauthn:extension:largeBlob: true, webauthn:extension:minPinLength: true, webauthn:extension:prf: true, webauthn:virtualAuthenticators: true}
Session ID: d04fe3eea571332cf15416160de79503" type="org.openqa.selenium.TimeoutException">
      <![CDATA[org.openqa.selenium.TimeoutException: Expected condition failed: waiting for visibility of all [[[ChromeDriver: chrome on windows (d04fe3eea571332cf15416160de79503)] -> xpath: //table[@id='monthly-estimate-table']//tbody//tr//td[2]//a[contains(text(),'Sabina')]], [[ChromeDriver: chrome on windows (d04fe3eea571332cf15416160de79503)] -> xpath: //table[@id='monthly-estimate-table']//tbody//tr//td[2]//a[contains(text(),'Sabina')]], [[ChromeDriver: chrome on windows (d04fe3eea571332cf15416160de79503)] -> xpath: //table[@id='monthly-estimate-table']//tbody//tr//td[2]//a[contains(text(),'Sabina')]], [[ChromeDriver: chrome on windows (d04fe3eea571332cf15416160de79503)] -> xpath: //table[@id='monthly-estimate-table']//tbody//tr//td[2]//a[contains(text(),'Sabina')]], [[ChromeDriver: chrome on windows (d04fe3eea571332cf15416160de79503)] -> xpath: //table[@id='monthly-estimate-table']//tbody//tr//td[2]//a[contains(text(),'Sabina')]], [[ChromeDriver: chrome on windows (d04fe3eea571332cf15416160de79503)] -> xpath: //table[@id='monthly-estimate-table']//tbody//tr//td[2]//a[contains(text(),'Sabina')]], [[ChromeDriver: chrome on windows (d04fe3eea571332cf15416160de79503)] -> xpath: //table[@id='monthly-estimate-table']//tbody//tr//td[2]//a[contains(text(),'Sabina')]], [[ChromeDriver: chrome on windows (d04fe3eea571332cf15416160de79503)] -> xpath: //table[@id='monthly-estimate-table']//tbody//tr//td[2]//a[contains(text(),'Sabina')]], [[ChromeDriver: chrome on windows (d04fe3eea571332cf15416160de79503)] -> xpath: //table[@id='monthly-estimate-table']//tbody//tr//td[2]//a[contains(text(),'Sabina')]], [[ChromeDriver: chrome on windows (d04fe3eea571332cf15416160de79503)] -> xpath: //table[@id='monthly-estimate-table']//tbody//tr//td[2]//a[contains(text(),'Sabina')]]] (tried for 100 second(s) with 500 milliseconds interval)
Build info: version: '4.13.0', revision: 'ba948ece5b*'
System info: os.name: 'Windows 11', os.arch: 'amd64', os.version: '10.0', java.version: '11.0.19'
Driver info: org.openqa.selenium.chrome.ChromeDriver
Capabilities {acceptInsecureCerts: false, browserName: chrome, browserVersion: 120.0.6099.227, chrome: {chromedriverVersion: 120.0.6099.109 (3419140ab66..., userDataDir: C:\Users\shibi\AppData\Loca...}, fedcm:accounts: true, goog:chromeOptions: {debuggerAddress: localhost:56443}, networkConnectionEnabled: false, pageLoadStrategy: normal, platformName: windows, proxy: Proxy(), se:cdp: ws://localhost:56443/devtoo..., se:cdpVersion: 120.0.6099.227, setWindowRect: true, strictFileInteractability: false, timeouts: {implicit: 0, pageLoad: 300000, script: 30000}, unhandledPromptBehavior: dismiss and notify, webauthn:extension:credBlob: true, webauthn:extension:largeBlob: true, webauthn:extension:minPinLength: true, webauthn:extension:prf: true, webauthn:virtualAuthenticators: true}
Session ID: d04fe3eea571332cf15416160de79503
at org.openqa.selenium.support.ui.WebDriverWait.timeoutException(WebDriverWait.java:84)
at org.openqa.selenium.support.ui.FluentWait.until(FluentWait.java:230)
at utility.WaitUtility.WaitVisibility(WaitUtility.java:42)
at projectpages1.Estimate.searchestimation(Estimate.java:92)
at projecttest.estimatetest.estimateSearc(estimatetest.java:26)
at java.base/jdk.internal.reflect.NativeMethodAccessorImpl.invoke0(Native Method)
at java.base/jdk.internal.reflect.NativeMethodAccessorImpl.invoke(NativeMethodAccessorImpl.java:62)
at java.base/jdk.internal.reflect.DelegatingMethodAccessorImpl.invoke(DelegatingMethodAccessorImpl.java:43)
at java.base/java.lang.reflect.Method.invoke(Method.java:566)
at org.testng.internal.MethodInvocationHelper.invokeMethod(MethodInvocationHelper.java:133)
at org.testng.internal.TestInvoker.invokeMethod(TestInvoker.java:598)
at org.testng.internal.TestInvoker.invokeTestMethod(TestInvoker.java:173)
at org.testng.internal.MethodRunner.runInSequence(MethodRunner.java:46)
at org.testng.internal.TestInvoker$MethodInvocationAgent.invoke(TestInvoker.java:824)
at org.testng.internal.TestInvoker.invokeTestMethods(TestInvoker.java:146)
at org.testng.internal.TestMethodWorker.invokeTestMethods(TestMethodWorker.java:146)
at org.testng.internal.TestMethodWorker.run(TestMethodWorker.java:128)
at java.base/java.util.ArrayList.forEach(ArrayList.java:1541)
at org.testng.TestRunner.privateRun(TestRunner.java:794)
at org.testng.TestRunner.run(TestRunner.java:596)
at org.testng.SuiteRunner.runTest(SuiteRunner.java:377)
at org.testng.SuiteRunner.runSequentially(SuiteRunner.java:371)
at org.testng.SuiteRunner.privateRun(SuiteRunner.java:332)
at org.testng.SuiteRunner.run(SuiteRunner.java:276)
at org.testng.SuiteRunnerWorker.runSuite(SuiteRunnerWorker.java:53)
at org.testng.SuiteRunnerWorker.run(SuiteRunnerWorker.java:96)
at org.testng.TestNG.runSuitesSequentially(TestNG.java:1212)
at org.testng.TestNG.runSuitesLocally(TestNG.java:1134)
at org.testng.TestNG.runSuites(TestNG.java:1063)
at org.testng.TestNG.run(TestNG.java:1031)
at org.testng.remote.AbstractRemoteTestNG.run(AbstractRemoteTestNG.java:115)
at org.testng.remote.RemoteTestNG.initAndRun(RemoteTestNG.java:251)
at org.testng.remote.RemoteTestNG.main(RemoteTestNG.java:77)
]]>
    </error>
  </testcase> <!-- estimateSearc -->
  <system-out/>
</testsuite> <!-- projecttest.estimatetest -->
